<?xml version="1.0" encoding="UTF-8"?>
<!-- Generated by org.testng.reporters.JUnitXMLReporter -->
<testsuite hostname="DESKTOP-T9KDL27" ignored="0" name="Default test" tests="5" failures="0" timestamp="2020-08-12T02:46:08 IST" time="14.604" errors="0">
  <testcase name="createUserAPI" time="10.066" classname="runner.Rough"/>
  <testcase name="createUserAPI" time="0.801" classname="runner.Rough"/>
  <testcase name="createUserAPI" time="0.485" classname="runner.Rough"/>
  <testcase name="createUserAPI" time="0.541" classname="runner.Rough"/>
  <testcase name="createUserAPI" time="0.484" classname="runner.Rough"/>
</testsuite> <!-- Default test -->
